  0%|          | 0/35040 [00:00<?, ?it/s]  3%|2         | 1000/35040 [00:02<01:17, 438.82it/s]  6%|5         | 2000/35040 [00:02<00:35, 921.45it/s]  9%|8         | 3000/35040 [00:02<00:22, 1423.99it/s] 11%|#1        | 4000/35040 [00:03<00:16, 1909.93it/s] 14%|#4        | 5000/35040 [00:03<00:14, 2068.49it/s] 17%|#7        | 6000/35040 [00:03<00:11, 2480.75it/s] 20%|#9        | 7000/35040 [00:03<00:09, 2841.45it/s] 23%|##2       | 8000/35040 [00:04<00:08, 3150.22it/s] 26%|##5       | 9000/35040 [00:04<00:07, 3391.52it/s] 29%|##8       | 10000/35040 [00:04<00:08, 3019.93it/s] 31%|###1      | 11000/35040 [00:05<00:07, 3084.77it/s] 34%|###4      | 12000/35040 [00:05<00:06, 3329.72it/s] 37%|###7      | 13000/35040 [00:05<00:06, 3526.81it/s] 40%|###9      | 14000/35040 [00:05<00:05, 3681.43it/s] 43%|####2     | 15000/35040 [00:06<00:06, 3187.74it/s] 46%|####5     | 16000/35040 [00:06<00:05, 3402.43it/s] 49%|####8     | 17000/35040 [00:06<00:05, 3568.68it/s] 51%|#####1    | 18000/35040 [00:07<00:04, 3704.14it/s] 54%|#####4    | 19000/35040 [00:07<00:04, 3786.82it/s] 57%|#####7    | 20000/35040 [00:07<00:03, 3849.06it/s] 60%|#####9    | 21000/35040 [00:07<00:03, 3910.05it/s] 63%|######2   | 22000/35040 [00:08<00:03, 3951.65it/s] 66%|######5   | 23000/35040 [00:08<00:03, 3335.55it/s] 68%|######8   | 24000/35040 [00:08<00:03, 3526.39it/s] 71%|#######1  | 25000/35040 [00:08<00:02, 3672.15it/s] 74%|#######4  | 26000/35040 [00:09<00:02, 3774.56it/s] 77%|#######7  | 27000/35040 [00:09<00:02, 3848.04it/s] 80%|#######9  | 28000/35040 [00:09<00:01, 3911.76it/s] 83%|########2 | 29000/35040 [00:09<00:01, 3948.62it/s] 86%|########5 | 30000/35040 [00:10<00:01, 3968.36it/s] 88%|########8 | 31000/35040 [00:10<00:01, 3329.04it/s] 91%|#########1| 32000/35040 [00:10<00:00, 3517.78it/s] 94%|#########4| 33000/35040 [00:11<00:00, 3122.24it/s] 97%|#########7| 34000/35040 [00:11<00:00, 2886.31it/s]100%|#########9| 35000/35040 [00:11<00:00, 3152.11it/s]35056it [00:12, 2807.56it/s]                           
[I 2026-03-30 12:43:44,426] A new study created in memory with name: trading_bot_v2
[I 2026-03-30 12:44:08,516] Trial 0 finished with value: 108.95846487320634 and parameters: {'seq_len': 48, 'hidden_dim': 256, 'num_layers': 2, 'num_heads': 8, 'dropout': 0.4329770563201687, 'lr': 0.00020589728197687926, 'batch_size': 256, 'epochs': 23, 'class_weight': 3.727780074568463}. Best is trial 0 with value: 108.95846487320634.
[I 2026-03-30 12:44:25,842] Trial 1 finished with value: 31.815583151008315 and parameters: {'seq_len': 48, 'hidden_dim': 128, 'num_layers': 2, 'num_heads': 8, 'dropout': 0.16820964947491662, 'lr': 0.00012476394272569445, 'batch_size': 128, 'epochs': 17, 'class_weight': 2.3906884560255355}. Best is trial 0 with value: 108.95846487320634.
[I 2026-03-30 12:45:19,896] Trial 2 finished with value: 152.05576028495764 and parameters: {'seq_len': 32, 'hidden_dim': 64, 'num_layers': 1, 'num_heads': 4, 'dropout': 0.48783385110582345, 'lr': 0.0013962563737015762, 'batch_size': 64, 'epochs': 33, 'class_weight': 2.353970008207678}. Best is trial 2 with value: 152.05576028495764.
[I 2026-03-30 12:45:36,787] Trial 3 finished with value: 510.543778839095 and parameters: {'seq_len': 96, 'hidden_dim': 64, 'num_layers': 2, 'num_heads': 4, 'dropout': 0.4947547746402069, 'lr': 0.0013826083091896758, 'batch_size': 256, 'epochs': 28, 'class_weight': 4.916028672163949}. Best is trial 3 with value: 510.543778839095.
[I 2026-03-30 12:45:53,844] Trial 4 finished with value: 284.21968690171235 and parameters: {'seq_len': 128, 'hidden_dim': 64, 'num_layers': 1, 'num_heads': 4, 'dropout': 0.4548850970305306, 'lr': 0.0004983319160125723, 'batch_size': 256, 'epochs': 24, 'class_weight': 5.083868719818244}. Best is trial 3 with value: 510.543778839095.
[I 2026-03-30 12:46:24,489] Trial 5 finished with value: 16.819835698997185 and parameters: {'seq_len': 48, 'hidden_dim': 128, 'num_layers': 2, 'num_heads': 2, 'dropout': 0.4022204554172195, 'lr': 0.00021775224101934097, 'batch_size': 128, 'epochs': 34, 'class_weight': 5.232481518257668}. Best is trial 3 with value: 510.543778839095.
[I 2026-03-30 12:46:58,385] Trial 6 finished with value: 543.5334224190349 and parameters: {'seq_len': 128, 'hidden_dim': 256, 'num_layers': 1, 'num_heads': 8, 'dropout': 0.42720590636899725, 'lr': 0.0018681142751959697, 'batch_size': 128, 'epochs': 15, 'class_weight': 2.479461469334731}. Best is trial 6 with value: 543.5334224190349.
[I 2026-03-30 12:47:53,766] Trial 7 finished with value: 164.02737384603537 and parameters: {'seq_len': 48, 'hidden_dim': 128, 'num_layers': 1, 'num_heads': 2, 'dropout': 0.11475477894181313, 'lr': 0.0007950609693143304, 'batch_size': 64, 'epochs': 33, 'class_weight': 2.9582475626678897}. Best is trial 6 with value: 543.5334224190349.
